10:28:29.402 [TestNG-test=Akamai CareerSite Automation Suite-1] INFO  com.akamai.careersite.base.base - chrome browser is used to run testcase
10:28:29.858 [TestNG-test=Akamai CareerSite Automation Suite-1] INFO  com.akamai.careersite.base.base - Launch URL ->https://akamaicareers.inflightcloud.com/
10:28:39.054 [TestNG-test=Akamai CareerSite Automation Suite-1] INFO  com.akamai.careersite.base.base - Actual ->Akamai , Expected ->Akamai
10:28:39.059 [TestNG-test=Akamai CareerSite Automation Suite-1] INFO  com.akamai.careersite.base.base - Passed :Customer is on akamai career portal
10:28:39.689 [TestNG-test=Akamai CareerSite Automation Suite-1] INFO  com.akamai.careersite.base.base - Input Value ->XXX
10:28:40.364 [TestNG-test=Akamai CareerSite Automation Suite-1] INFO  com.akamai.careersite.base.base - ENTER Keyword Used
10:28:40.540 [TestNG-test=Akamai CareerSite Automation Suite-1] INFO  com.akamai.careersite.base.base - Passed :Customer specifies "XXX"
10:28:40.815 [TestNG-test=Akamai CareerSite Automation Suite-1] INFO  com.akamai.careersite.base.base - Retrieved Text value ->We found 0 jobs based on your search criteria
10:28:40.832 [TestNG-test=Akamai CareerSite Automation Suite-1] INFO  com.akamai.careersite.base.base - Actual ->We found 0 jobs based on your search criteria , Expected ->We found 0 jobs based on your search criteria
10:28:40.833 [TestNG-test=Akamai CareerSite Automation Suite-1] INFO  com.akamai.careersite.base.base - Driver Quit
10:28:40.956 [TestNG-test=Akamai CareerSite Automation Suite-1] INFO  com.akamai.careersite.base.base - Passed :Notification about "We found 0 jobs based on your search criteria" found is displayed
10:28:46.586 [TestNG-test=Akamai CareerSite Automation Suite-1] INFO  com.akamai.careersite.base.base - chrome browser is used to run testcase
10:28:47.026 [TestNG-test=Akamai CareerSite Automation Suite-1] INFO  com.akamai.careersite.base.base - Launch URL ->https://akamaicareers.inflightcloud.com/
10:28:55.787 [TestNG-test=Akamai CareerSite Automation Suite-1] INFO  com.akamai.careersite.base.base - Actual ->Akamai , Expected ->Akamai
10:28:55.788 [TestNG-test=Akamai CareerSite Automation Suite-1] INFO  com.akamai.careersite.base.base - Passed :Customer is on akamai career portal
10:28:55.991 [TestNG-test=Akamai CareerSite Automation Suite-1] INFO  com.akamai.careersite.base.base - Input Value ->Senior Software Development Engineer in Test
10:28:58.268 [TestNG-test=Akamai CareerSite Automation Suite-1] INFO  com.akamai.careersite.base.base - ENTER Keyword Used
10:28:58.369 [TestNG-test=Akamai CareerSite Automation Suite-1] INFO  com.akamai.careersite.base.base - Passed :Customer specifies "Senior Software Development Engineer in Test"
10:28:58.515 [TestNG-test=Akamai CareerSite Automation Suite-1] INFO  com.akamai.careersite.base.base - Input Value ->Poland
10:28:59.753 [TestNG-test=Akamai CareerSite Automation Suite-1] INFO  com.akamai.careersite.base.base - User Did Click Operation
10:29:00.451 [TestNG-test=Akamai CareerSite Automation Suite-1] INFO  com.akamai.careersite.base.base - Passed :Filter by "Poland"
10:29:00.599 [TestNG-test=Akamai CareerSite Automation Suite-1] INFO  com.akamai.careersite.base.base - Element Size value ->1
10:29:00.600 [TestNG-test=Akamai CareerSite Automation Suite-1] INFO  com.akamai.careersite.base.base - Actual ->1 , Expected ->0
10:29:00.763 [TestNG-test=Akamai CareerSite Automation Suite-1] INFO  com.akamai.careersite.base.base - Retrieved Text values are->[Software Engineer.Senior II.]
10:29:00.763 [TestNG-test=Akamai CareerSite Automation Suite-1] INFO  com.akamai.careersite.base.base - Driver Quit
10:29:00.878 [TestNG-test=Akamai CareerSite Automation Suite-1] INFO  com.akamai.careersite.base.base - Passed :Any job offers are found
